C:\USERS\1169977811\DESKTOP\08火柴人打羽毛球  鲁康优  闫魏杰\EXE_FINAL\DEBUG\大游戏.EXE
C:\USERS\1169977811\DESKTOP\08火柴人打羽毛球  鲁康优  闫魏杰\EXE_FINAL\DEBUG\大游戏.ILK
C:\USERS\1169977811\DESKTOP\08火柴人打羽毛球  鲁康优  闫魏杰\EXE_FINAL\DEBUG\大游戏.PDB
C:\Users\1169977811\Desktop\08火柴人打羽毛球  鲁康优  闫魏杰\Exe_final\大游戏\Debug\cl.command.1.tlog
C:\Users\1169977811\Desktop\08火柴人打羽毛球  鲁康优  闫魏杰\Exe_final\大游戏\Debug\CL.read.1.tlog
C:\Users\1169977811\Desktop\08火柴人打羽毛球  鲁康优  闫魏杰\Exe_final\大游戏\Debug\CL.write.1.tlog
C:\Users\1169977811\Desktop\08火柴人打羽毛球  鲁康优  闫魏杰\Exe_final\大游戏\Debug\link.14660.read.1.tlog
C:\Users\1169977811\Desktop\08火柴人打羽毛球  鲁康优  闫魏杰\Exe_final\大游戏\Debug\link.14660.write.1.tlog
C:\Users\1169977811\Desktop\08火柴人打羽毛球  鲁康优  闫魏杰\Exe_final\大游戏\Debug\link.14660-cvtres.read.1.tlog
C:\Users\1169977811\Desktop\08火柴人打羽毛球  鲁康优  闫魏杰\Exe_final\大游戏\Debug\link.14660-cvtres.write.1.tlog
C:\Users\1169977811\Desktop\08火柴人打羽毛球  鲁康优  闫魏杰\Exe_final\大游戏\Debug\link.17032.read.1.tlog
C:\Users\1169977811\Desktop\08火柴人打羽毛球  鲁康优  闫魏杰\Exe_final\大游戏\Debug\link.17032.write.1.tlog
C:\Users\1169977811\Desktop\08火柴人打羽毛球  鲁康优  闫魏杰\Exe_final\大游戏\Debug\link.17032-cvtres.read.1.tlog
C:\Users\1169977811\Desktop\08火柴人打羽毛球  鲁康优  闫魏杰\Exe_final\大游戏\Debug\link.17032-cvtres.write.1.tlog
C:\Users\1169977811\Desktop\08火柴人打羽毛球  鲁康优  闫魏杰\Exe_final\大游戏\Debug\link.17608.read.1.tlog
C:\Users\1169977811\Desktop\08火柴人打羽毛球  鲁康优  闫魏杰\Exe_final\大游戏\Debug\link.17608.write.1.tlog
C:\Users\1169977811\Desktop\08火柴人打羽毛球  鲁康优  闫魏杰\Exe_final\大游戏\Debug\link.17608-cvtres.read.1.tlog
C:\Users\1169977811\Desktop\08火柴人打羽毛球  鲁康优  闫魏杰\Exe_final\大游戏\Debug\link.17608-cvtres.write.1.tlog
C:\Users\1169977811\Desktop\08火柴人打羽毛球  鲁康优  闫魏杰\Exe_final\大游戏\Debug\link.24512.read.1.tlog
C:\Users\1169977811\Desktop\08火柴人打羽毛球  鲁康优  闫魏杰\Exe_final\大游戏\Debug\link.24512.write.1.tlog
C:\Users\1169977811\Desktop\08火柴人打羽毛球  鲁康优  闫魏杰\Exe_final\大游戏\Debug\link.24512-cvtres.read.1.tlog
C:\Users\1169977811\Desktop\08火柴人打羽毛球  鲁康优  闫魏杰\Exe_final\大游戏\Debug\link.24512-cvtres.write.1.tlog
C:\Users\1169977811\Desktop\08火柴人打羽毛球  鲁康优  闫魏杰\Exe_final\大游戏\Debug\link.24584.read.1.tlog
C:\Users\1169977811\Desktop\08火柴人打羽毛球  鲁康优  闫魏杰\Exe_final\大游戏\Debug\link.24584.write.1.tlog
C:\Users\1169977811\Desktop\08火柴人打羽毛球  鲁康优  闫魏杰\Exe_final\大游戏\Debug\link.24584-cvtres.read.1.tlog
C:\Users\1169977811\Desktop\08火柴人打羽毛球  鲁康优  闫魏杰\Exe_final\大游戏\Debug\link.24584-cvtres.write.1.tlog
C:\Users\1169977811\Desktop\08火柴人打羽毛球  鲁康优  闫魏杰\Exe_final\大游戏\Debug\link.2636.read.1.tlog
C:\Users\1169977811\Desktop\08火柴人打羽毛球  鲁康优  闫魏杰\Exe_final\大游戏\Debug\link.2636.write.1.tlog
C:\Users\1169977811\Desktop\08火柴人打羽毛球  鲁康优  闫魏杰\Exe_final\大游戏\Debug\link.2636-cvtres.read.1.tlog
C:\Users\1169977811\Desktop\08火柴人打羽毛球  鲁康优  闫魏杰\Exe_final\大游戏\Debug\link.2636-cvtres.write.1.tlog
C:\Users\1169977811\Desktop\08火柴人打羽毛球  鲁康优  闫魏杰\Exe_final\大游戏\Debug\link.28612.read.1.tlog
C:\Users\1169977811\Desktop\08火柴人打羽毛球  鲁康优  闫魏杰\Exe_final\大游戏\Debug\link.28612.write.1.tlog
C:\Users\1169977811\Desktop\08火柴人打羽毛球  鲁康优  闫魏杰\Exe_final\大游戏\Debug\link.28612-cvtres.read.1.tlog
C:\Users\1169977811\Desktop\08火柴人打羽毛球  鲁康优  闫魏杰\Exe_final\大游戏\Debug\link.28612-cvtres.write.1.tlog
C:\Users\1169977811\Desktop\08火柴人打羽毛球  鲁康优  闫魏杰\Exe_final\大游戏\Debug\link.29608.read.1.tlog
C:\Users\1169977811\Desktop\08火柴人打羽毛球  鲁康优  闫魏杰\Exe_final\大游戏\Debug\link.29608.write.1.tlog
C:\Users\1169977811\Desktop\08火柴人打羽毛球  鲁康优  闫魏杰\Exe_final\大游戏\Debug\link.29608-cvtres.read.1.tlog
C:\Users\1169977811\Desktop\08火柴人打羽毛球  鲁康优  闫魏杰\Exe_final\大游戏\Debug\link.29608-cvtres.write.1.tlog
C:\Users\1169977811\Desktop\08火柴人打羽毛球  鲁康优  闫魏杰\Exe_final\大游戏\Debug\link.29740.read.1.tlog
C:\Users\1169977811\Desktop\08火柴人打羽毛球  鲁康优  闫魏杰\Exe_final\大游戏\Debug\link.29740.write.1.tlog
C:\Users\1169977811\Desktop\08火柴人打羽毛球  鲁康优  闫魏杰\Exe_final\大游戏\Debug\link.29740-cvtres.read.1.tlog
C:\Users\1169977811\Desktop\08火柴人打羽毛球  鲁康优  闫魏杰\Exe_final\大游戏\Debug\link.29740-cvtres.write.1.tlog
C:\Users\1169977811\Desktop\08火柴人打羽毛球  鲁康优  闫魏杰\Exe_final\大游戏\Debug\link.34896.read.1.tlog
C:\Users\1169977811\Desktop\08火柴人打羽毛球  鲁康优  闫魏杰\Exe_final\大游戏\Debug\link.34896.write.1.tlog
C:\Users\1169977811\Desktop\08火柴人打羽毛球  鲁康优  闫魏杰\Exe_final\大游戏\Debug\link.34896-cvtres.read.1.tlog
C:\Users\1169977811\Desktop\08火柴人打羽毛球  鲁康优  闫魏杰\Exe_final\大游戏\Debug\link.34896-cvtres.write.1.tlog
C:\Users\1169977811\Desktop\08火柴人打羽毛球  鲁康优  闫魏杰\Exe_final\大游戏\Debug\link.3892.read.1.tlog
C:\Users\1169977811\Desktop\08火柴人打羽毛球  鲁康优  闫魏杰\Exe_final\大游戏\Debug\link.3892.write.1.tlog
C:\Users\1169977811\Desktop\08火柴人打羽毛球  鲁康优  闫魏杰\Exe_final\大游戏\Debug\link.3892-cvtres.read.1.tlog
C:\Users\1169977811\Desktop\08火柴人打羽毛球  鲁康优  闫魏杰\Exe_final\大游戏\Debug\link.3892-cvtres.write.1.tlog
C:\Users\1169977811\Desktop\08火柴人打羽毛球  鲁康优  闫魏杰\Exe_final\大游戏\Debug\link.command.1.tlog
C:\Users\1169977811\Desktop\08火柴人打羽毛球  鲁康优  闫魏杰\Exe_final\大游戏\Debug\link.read.1.tlog
C:\Users\1169977811\Desktop\08火柴人打羽毛球  鲁康优  闫魏杰\Exe_final\大游戏\Debug\link.write.1.tlog
C:\Users\1169977811\Desktop\08火柴人打羽毛球  鲁康优  闫魏杰\Exe_final\大游戏\Debug\link-cvtres.read.1.tlog
C:\Users\1169977811\Desktop\08火柴人打羽毛球  鲁康优  闫魏杰\Exe_final\大游戏\Debug\link-cvtres.write.1.tlog
C:\USERS\1169977811\DESKTOP\08火柴人打羽毛球  鲁康优  闫魏杰\EXE_FINAL\大游戏\DEBUG\MAIN.OBJ
C:\Users\1169977811\Desktop\08火柴人打羽毛球  鲁康优  闫魏杰\Exe_final\大游戏\Debug\mt.command.1.tlog
C:\Users\1169977811\Desktop\08火柴人打羽毛球  鲁康优  闫魏杰\Exe_final\大游戏\Debug\mt.read.1.tlog
C:\Users\1169977811\Desktop\08火柴人打羽毛球  鲁康优  闫魏杰\Exe_final\大游戏\Debug\mt.write.1.tlog
C:\Users\1169977811\Desktop\08火柴人打羽毛球  鲁康优  闫魏杰\Exe_final\大游戏\Debug\rc.command.1.tlog
C:\Users\1169977811\Desktop\08火柴人打羽毛球  鲁康优  闫魏杰\Exe_final\大游戏\Debug\rc.read.1.tlog
C:\Users\1169977811\Desktop\08火柴人打羽毛球  鲁康优  闫魏杰\Exe_final\大游戏\Debug\rc.write.1.tlog
C:\Users\1169977811\Desktop\08火柴人打羽毛球  鲁康优  闫魏杰\Exe_final\大游戏\Debug\vc100.idb
C:\USERS\1169977811\DESKTOP\08火柴人打羽毛球  鲁康优  闫魏杰\EXE_FINAL\大游戏\DEBUG\VC100.PDB
C:\Users\1169977811\Desktop\08火柴人打羽毛球  鲁康优  闫魏杰\Exe_final\大游戏\Debug\大游戏.exe.embed.manifest
C:\USERS\1169977811\DESKTOP\08火柴人打羽毛球  鲁康优  闫魏杰\EXE_FINAL\大游戏\DEBUG\大游戏.EXE.EMBED.MANIFEST.RES
C:\USERS\1169977811\DESKTOP\08火柴人打羽毛球  鲁康优  闫魏杰\EXE_FINAL\大游戏\DEBUG\大游戏.EXE.INTERMEDIATE.MANIFEST
C:\Users\1169977811\Desktop\08火柴人打羽毛球  鲁康优  闫魏杰\Exe_final\大游戏\Debug\大游戏.vcxprojResolveAssemblyReference.cache
C:\Users\1169977811\Desktop\08火柴人打羽毛球  鲁康优  闫魏杰\Exe_final\大游戏\Debug\大游戏.write.1.tlog
C:\Users\1169977811\Desktop\08火柴人打羽毛球  鲁康优  闫魏杰\Exe_final\大游戏\Debug\大游戏_manifest.rc
C:\USERS\1169977811\DESKTOP\大游戏(4)(1)\DEBUG\大游戏.EXE
C:\USERS\1169977811\DESKTOP\大游戏(4)(1)\DEBUG\大游戏.ILK
C:\USERS\1169977811\DESKTOP\大游戏(4)(1)\DEBUG\大游戏.PDB
C:\USERS\1169977811\DESKTOP\大游戏(4)(1)\大游戏\DEBUG\MAIN.OBJ
C:\USERS\1169977811\DESKTOP\大游戏(4)(1)\大游戏\DEBUG\VC100.PDB
C:\USERS\1169977811\DESKTOP\大游戏(4)(1)\大游戏\DEBUG\大游戏.EXE.EMBED.MANIFEST.RES
C:\USERS\1169977811\DESKTOP\大游戏(4)(1)\大游戏\DEBUG\大游戏.EXE.INTERMEDIATE.MANIFEST
C:\USERS\1169977811\DOCUMENTS\TENCENT FILES\1169977811\FILERECV\大游戏(4)(1)\DEBUG\大游戏.EXE
C:\USERS\1169977811\DOCUMENTS\TENCENT FILES\1169977811\FILERECV\大游戏(4)(1)\DEBUG\大游戏.ILK
C:\USERS\1169977811\DOCUMENTS\TENCENT FILES\1169977811\FILERECV\大游戏(4)(1)\DEBUG\大游戏.PDB
C:\USERS\1169977811\DOCUMENTS\TENCENT FILES\1169977811\FILERECV\大游戏(4)(1)\大游戏\DEBUG\MAIN.OBJ
C:\USERS\1169977811\DOCUMENTS\TENCENT FILES\1169977811\FILERECV\大游戏(4)(1)\大游戏\DEBUG\VC100.PDB
C:\USERS\1169977811\DOCUMENTS\TENCENT FILES\1169977811\FILERECV\大游戏(4)(1)\大游戏\DEBUG\大游戏.EXE.EMBED.MANIFEST
C:\USERS\1169977811\DOCUMENTS\TENCENT FILES\1169977811\FILERECV\大游戏(4)(1)\大游戏\DEBUG\大游戏.EXE.EMBED.MANIFEST.RES
C:\USERS\1169977811\DOCUMENTS\TENCENT FILES\1169977811\FILERECV\大游戏(4)(1)\大游戏\DEBUG\大游戏.EXE.INTERMEDIATE.MANIFEST
D:\VS2010\大游戏(4)\DEBUG\大游戏.EXE
D:\VS2010\大游戏(4)\DEBUG\大游戏.ILK
D:\VS2010\大游戏(4)\DEBUG\大游戏.PDB
D:\VS2010\大游戏(4)\大游戏\DEBUG\MAIN.OBJ
D:\VS2010\大游戏(4)\大游戏\DEBUG\VC100.PDB
D:\VS2010\大游戏(4)\大游戏\DEBUG\大游戏.EXE.EMBED.MANIFEST
D:\VS2010\大游戏(4)\大游戏\DEBUG\大游戏.EXE.EMBED.MANIFEST.RES
D:\VS2010\大游戏(4)\大游戏\DEBUG\大游戏.EXE.INTERMEDIATE.MANIFEST
